<?xml version="1.0" encoding="UTF-8"?>
<!-- Generated by org.testng.reporters.JUnitReportReporter -->
<testsuite hostname="DESKTOP-V0QFLPA" failures="0" tests="1" name="AmazonProject.Test1" time="42.298" errors="0" timestamp="2023-11-26T01:12:33 IST" skipped="0">
  <testcase classname="AmazonProject.Test1" name="Project" time="42.298"/>
  <system-out/>
</testsuite> <!-- AmazonProject.Test1 -->
